

> @sf-digital-ui/react@4.10.4 build
> npx tailwindcss -i ./src/index.css -o ./dist/output.css && tsup src/index.tsx --format esm, cjs --dts --external react

[1G[0K[1G[0K⠙[1G[0K[31m[39m
[31mRebuilding...[39m
[31m[39m
[31mDone in 320ms.[39m
[1G[0K⠙[1G[0K[34mCLI[39m Building entry: src/index.tsx
[34mCLI[39m Using tsconfig: tsconfig.json
[34mCLI[39m tsup v8.3.5
[34mCLI[39m Target: es6
[34mESM[39m Build start
[34m[39m Build start
[32mESM[39m [1mdist/index.mjs [22m[32m42.71 KB[39m
[32mESM[39m ⚡️ Build success in 154ms
[32m[39m [1mdist/index.js [22m[32m47.81 KB[39m
[32m[39m ⚡️ Build success in 154ms
DTS Build start
DTS ⚡️ Build success in 1969ms
DTS dist/index.d.mts 26.92 KB
DTS dist/index.d.ts  26.92 KB
[1G[0K⠙[1G[0K
